<?xml version="1.0" encoding="UTF-8"?>
<!-- Generated by org.testng.reporters.JUnitXMLReporter -->
<testsuite ignored="0" hostname="IN-PG02LY71" failures="0" tests="19" name="Test" time="21.094" errors="0" timestamp="14 Dec 2022 03:00:51 GMT">
  <testcase classname="employee_Test_classes.TC001_Gett_All_Employees" name="checkcontenencoding" time="0.019"/>
  <testcase classname="employee_Test_classes.TC001_Gett_All_Employees" name="checkcontentype" time="0.001"/>
  <testcase classname="employee_Test_classes.TC001_Gett_All_Employees" name="checkcookies" time="0.014"/>
  <testcase classname="employee_Test_classes.TC001_Gett_All_Employees" name="getresponsebody" time="0.022"/>
  <testcase classname="employee_Test_classes.TC001_Gett_All_Employees" name="getresponsetime" time="0.003"/>
  <testcase classname="employee_Test_classes.TC001_Gett_All_Employees" name="getstatuscode" time="0.003"/>
  <testcase classname="employee_Test_classes.TC001_Gett_All_Employees" name="getstatusline" time="0.002"/>
  <testcase classname="employee_Test_classes.TC002_Employee_Get_Single" name="CheckStatusline" time="0.002"/>
  <testcase classname="employee_Test_classes.TC002_Employee_Get_Single" name="checkResponseBody" time="0.002"/>
  <testcase classname="employee_Test_classes.TC002_Employee_Get_Single" name="checkStatusCode" time="0.001"/>
  <testcase classname="employee_Test_classes.TC002_Employee_Get_Single" name="checkcontentlength" time="0.001"/>
  <testcase classname="employee_Test_classes.TC002_Employee_Get_Single" name="checkresponsetime" time="0.002"/>
  <testcase classname="employee_Test_classes.TC004_PUT_Employee" name="getstsuscode2" time="0.002"/>
  <testcase classname="employee_Test_classes.TC004_PUT_Employee" name="getstuscode" time="0.002"/>
  <testcase classname="employee_Test_classes.TC003_Post_employee" name="checkresponsebody" time="0.006"/>
  <testcase classname="employee_Test_classes.TC003_Post_employee" name="gethearders" time="0.004"/>
  <testcase classname="employee_Test_classes.TC003_Post_employee" name="getstatsuscodepost" time="0.003"/>
  <testcase classname="employee_Test_classes.TC005_Delete_Employee" name="getstsusafterdelete" time="0.002"/>
  <testcase classname="employee_Test_classes.TC005_Delete_Employee" name="getstsuscodeis" time="0.002"/>
</testsuite> <!-- Test -->
